<?xml version="1.0" encoding="UTF-8"?>
<testsuite xmlns:xsi="http://www.w3.org/2001/XMLSchema-instance" xsi:noNamespaceSchemaLocation="https://maven.apache.org/surefire/maven-surefire-plugin/xsd/surefire-test-report-3.0.xsd" version="3.0" name="com.bikroy.TestRunner.TestRunner" time="141.228" tests="13" errors="0" skipped="0" failures="2">
  <properties>
    <property name="java.specification.version" value="17"/>
    <property name="sun.cpu.isalist" value="amd64"/>
    <property name="sun.jnu.encoding" value="Cp1252"/>
    <property name="java.class.path" value="C:\Users\asifu\Downloads\SeleniumGridE2E-Selenium-Grid-Automation-with-Multiple-VMs\SeleniumGridE2E-Selenium-Grid-Automation-with-Multiple-VMs\target\test-classes;C:\Users\asifu\Downloads\SeleniumGridE2E-Selenium-Grid-Automation-with-Multiple-VMs\SeleniumGridE2E-Selenium-Grid-Automation-with-Multiple-VMs\target\classes;C:\Users\asifu\.m2\repository\io\cucumber\cucumber-java\7.2.3\cucumber-java-7.2.3.jar;C:\Users\asifu\.m2\repository\io\cucumber\cucumber-core\7.2.3\cucumber-core-7.2.3.jar;C:\Users\asifu\.m2\repository\io\cucumber\cucumber-gherkin\7.2.3\cucumber-gherkin-7.2.3.jar;C:\Users\asifu\.m2\repository\io\cucumber\cucumber-gherkin-messages\7.2.3\cucumber-gherkin-messages-7.2.3.jar;C:\Users\asifu\.m2\repository\io\cucumber\messages\17.1.1\messages-17.1.1.jar;C:\Users\asifu\.m2\repository\io\cucumber\tag-expressions\4.1.0\tag-expressions-4.1.0.jar;C:\Users\asifu\.m2\repository\io\cucumber\cucumber-expressions\15.0.1\cucumber-expressions-15.0.1.jar;C:\Users\asifu\.m2\repository\io\cucumber\datatable\7.2.3\datatable-7.2.3.jar;C:\Users\asifu\.m2\repository\io\cucumber\cucumber-plugin\7.2.3\cucumber-plugin-7.2.3.jar;C:\Users\asifu\.m2\repository\io\cucumber\docstring\7.2.3\docstring-7.2.3.jar;C:\Users\asifu\.m2\repository\io\cucumber\html-formatter\17.0.0\html-formatter-17.0.0.jar;C:\Users\asifu\.m2\repository\io\cucumber\ci-environment\8.1.0\ci-environment-8.1.0.jar;C:\Users\asifu\.m2\repository\org\apiguardian\apiguardian-api\1.1.2\apiguardian-api-1.1.2.jar;C:\Users\asifu\.m2\repository\commons-io\commons-io\2.11.0\commons-io-2.11.0.jar;C:\Users\asifu\.m2\repository\tech\grasshopper\extentreports-cucumber7-adapter\1.3.0\extentreports-cucumber7-adapter-1.3.0.jar;C:\Users\asifu\.m2\repository\tech\grasshopper\extent-pdf-report\2.1.0\extent-pdf-report-2.1.0.jar;C:\Users\asifu\.m2\repository\tech\grasshopper\cucumber-pdf-report\2.5.0\cucumber-pdf-report-2.5.0.jar;C:\Users\asifu\.m2\repository\org\apache\pdfbox\pdfbox\2.0.25\pdfbox-2.0.25.jar;C:\Users\asifu\.m2\repository\org\apache\pdfbox\fontbox\2.0.25\fontbox-2.0.25.jar;C:\Users\asifu\.m2\repository\org\knowm\xchart\xchart\3.8.0\xchart-3.8.0.jar;C:\Users\asifu\.m2\repository\de\erichseifert\vectorgraphics2d\VectorGraphics2D\0.13\VectorGraphics2D-0.13.jar;C:\Users\asifu\.m2\repository\de\rototor\pdfbox\graphics2d\0.30\graphics2d-0.30.jar;C:\Users\asifu\.m2\repository\com\madgag\animated-gif-lib\1.4\animated-gif-lib-1.4.jar;C:\Users\asifu\.m2\repository\org\yaml\snakeyaml\1.28\snakeyaml-1.28.jar;C:\Users\asifu\.m2\repository\tech\grasshopper\table-layout\1.4.0\table-layout-1.4.0.jar;C:\Users\asifu\.m2\repository\tech\grasshopper\rest-assured-cucumber-pdf-report\1.1.0\rest-assured-cucumber-pdf-report-1.1.0.jar;C:\Users\asifu\.m2\repository\org\jsoup\jsoup\1.13.1\jsoup-1.13.1.jar;C:\Users\asifu\.m2\repository\com\aventstack\klov-reporter\5.0.9\klov-reporter-5.0.9.jar;C:\Users\asifu\.m2\repository\org\mongodb\mongodb-driver\3.6.4\mongodb-driver-3.6.4.jar;C:\Users\asifu\.m2\repository\org\mongodb\mongodb-driver-core\3.6.4\mongodb-driver-core-3.6.4.jar;C:\Users\asifu\.m2\repository\org\mongodb\bson\3.6.4\bson-3.6.4.jar;C:\Users\asifu\.m2\repository\org\apache\httpcomponents\httpclient\4.5.13\httpclient-4.5.13.jar;C:\Users\asifu\.m2\repository\org\apache\httpcomponents\httpcore\4.4.13\httpcore-4.4.13.jar;C:\Users\asifu\.m2\repository\commons-logging\commons-logging\1.2\commons-logging-1.2.jar;C:\Users\asifu\.m2\repository\org\apache\httpcomponents\httpmime\4.5.13\httpmime-4.5.13.jar;C:\Users\asifu\.m2\repository\tech\grasshopper\htmlextentreporter\1.0.0\htmlextentreporter-1.0.0.jar;C:\Users\asifu\.m2\repository\org\testng\testng\7.7.1\testng-7.7.1.jar;C:\Users\asifu\.m2\repository\com\beust\jcommander\1.82\jcommander-1.82.jar;C:\Users\asifu\.m2\repository\org\webjars\jquery\3.6.1\jquery-3.6.1.jar;C:\Users\asifu\.m2\repository\com\aventstack\extentreports\5.0.9\extentreports-5.0.9.jar;C:\Users\asifu\.m2\repository\io\reactivex\rxjava3\rxjava\3.0.4\rxjava-3.0.4.jar;C:\Users\asifu\.m2\repository\org\reactivestreams\reactive-streams\1.0.3\reactive-streams-1.0.3.jar;C:\Users\asifu\.m2\repository\org\freemarker\freemarker\2.3.30\freemarker-2.3.30.jar;C:\Users\asifu\.m2\repository\com\google\code\gson\gson\2.8.6\gson-2.8.6.jar;C:\Users\asifu\.m2\repository\io\cucumber\cucumber-picocontainer\7.2.3\cucumber-picocontainer-7.2.3.jar;C:\Users\asifu\.m2\repository\org\picocontainer\picocontainer\2.15\picocontainer-2.15.jar;C:\Users\asifu\.m2\repository\io\cucumber\cucumber-testng\7.2.3\cucumber-testng-7.2.3.jar;C:\Users\asifu\.m2\repository\org\seleniumhq\selenium\selenium-java\4.1.3\selenium-java-4.1.3.jar;C:\Users\asifu\.m2\repository\org\seleniumhq\selenium\selenium-api\4.1.3\selenium-api-4.1.3.jar;C:\Users\asifu\.m2\repository\org\seleniumhq\selenium\selenium-chrome-driver\4.1.3\selenium-chrome-driver-4.1.3.jar;C:\Users\asifu\.m2\repository\com\google\auto\service\auto-service-annotations\1.0.1\auto-service-annotations-1.0.1.jar;C:\Users\asifu\.m2\repository\com\google\auto\service\auto-service\1.0.1\auto-service-1.0.1.jar;C:\Users\asifu\.m2\repository\com\google\auto\auto-common\1.2\auto-common-1.2.jar;C:\Users\asifu\.m2\repository\com\google\guava\guava\31.1-jre\guava-31.1-jre.jar;C:\Users\asifu\.m2\repository\com\google\guava\failureaccess\1.0.1\failureaccess-1.0.1.jar;C:\Users\asifu\.m2\repository\com\google\guava\listenablefuture\9999.0-empty-to-avoid-conflict-with-guava\listenablefuture-9999.0-empty-to-avoid-conflict-with-guava.jar;C:\Users\asifu\.m2\repository\com\google\code\findbugs\jsr305\3.0.2\jsr305-3.0.2.jar;C:\Users\asifu\.m2\repository\org\checkerframework\checker-qual\3.12.0\checker-qual-3.12.0.jar;C:\Users\asifu\.m2\repository\com\google\errorprone\error_prone_annotations\2.11.0\error_prone_annotations-2.11.0.jar;C:\Users\asifu\.m2\repository\com\google\j2objc\j2objc-annotations\1.3\j2objc-annotations-1.3.jar;C:\Users\asifu\.m2\repository\org\seleniumhq\selenium\selenium-chromium-driver\4.1.3\selenium-chromium-driver-4.1.3.jar;C:\Users\asifu\.m2\repository\org\seleniumhq\selenium\selenium-json\4.1.3\selenium-json-4.1.3.jar;C:\Users\asifu\.m2\repository\org\seleniumhq\selenium\selenium-devtools-v85\4.1.3\selenium-devtools-v85-4.1.3.jar;C:\Users\asifu\.m2\repository\org\seleniumhq\selenium\selenium-devtools-v97\4.1.3\selenium-devtools-v97-4.1.3.jar;C:\Users\asifu\.m2\repository\org\seleniumhq\selenium\selenium-devtools-v98\4.1.3\selenium-devtools-v98-4.1.3.jar;C:\Users\asifu\.m2\repository\org\seleniumhq\selenium\selenium-devtools-v99\4.1.3\selenium-devtools-v99-4.1.3.jar;C:\Users\asifu\.m2\repository\org\seleniumhq\selenium\selenium-edge-driver\4.1.3\selenium-edge-driver-4.1.3.jar;C:\Users\asifu\.m2\repository\org\seleniumhq\selenium\selenium-firefox-driver\4.1.3\selenium-firefox-driver-4.1.3.jar;C:\Users\asifu\.m2\repository\org\seleniumhq\selenium\selenium-ie-driver\4.1.3\selenium-ie-driver-4.1.3.jar;C:\Users\asifu\.m2\repository\org\seleniumhq\selenium\selenium-opera-driver\4.1.3\selenium-opera-driver-4.1.3.jar;C:\Users\asifu\.m2\repository\org\seleniumhq\selenium\selenium-remote-driver\4.1.3\selenium-remote-driver-4.1.3.jar;C:\Users\asifu\.m2\repository\io\netty\netty-buffer\4.1.75.Final\netty-buffer-4.1.75.Final.jar;C:\Users\asifu\.m2\repository\io\netty\netty-codec-http\4.1.75.Final\netty-codec-http-4.1.75.Final.jar;C:\Users\asifu\.m2\repository\io\netty\netty-codec\4.1.75.Final\netty-codec-4.1.75.Final.jar;C:\Users\asifu\.m2\repository\io\netty\netty-handler\4.1.75.Final\netty-handler-4.1.75.Final.jar;C:\Users\asifu\.m2\repository\io\netty\netty-common\4.1.75.Final\netty-common-4.1.75.Final.jar;C:\Users\asifu\.m2\repository\io\netty\netty-transport-classes-epoll\4.1.75.Final\netty-transport-classes-epoll-4.1.75.Final.jar;C:\Users\asifu\.m2\repository\io\netty\netty-transport-classes-kqueue\4.1.75.Final\netty-transport-classes-kqueue-4.1.75.Final.jar;C:\Users\asifu\.m2\repository\io\netty\netty-transport-native-epoll\4.1.75.Final\netty-transport-native-epoll-4.1.75.Final.jar;C:\Users\asifu\.m2\repository\io\netty\netty-transport-native-kqueue\4.1.75.Final\netty-transport-native-kqueue-4.1.75.Final.jar;C:\Users\asifu\.m2\repository\io\netty\netty-transport-native-unix-common\4.1.75.Final\netty-transport-native-unix-common-4.1.75.Final.jar;C:\Users\asifu\.m2\repository\io\netty\netty-transport\4.1.75.Final\netty-transport-4.1.75.Final.jar;C:\Users\asifu\.m2\repository\io\netty\netty-resolver\4.1.75.Final\netty-resolver-4.1.75.Final.jar;C:\Users\asifu\.m2\repository\io\opentelemetry\opentelemetry-api\1.12.0\opentelemetry-api-1.12.0.jar;C:\Users\asifu\.m2\repository\io\opentelemetry\opentelemetry-context\1.12.0\opentelemetry-context-1.12.0.jar;C:\Users\asifu\.m2\repository\io\opentelemetry\opentelemetry-exporter-logging\1.12.0\opentelemetry-exporter-logging-1.12.0.jar;C:\Users\asifu\.m2\repository\io\opentelemetry\opentelemetry-sdk-metrics\1.12.0-alpha\opentelemetry-sdk-metrics-1.12.0-alpha.jar;C:\Users\asifu\.m2\repository\io\opentelemetry\opentelemetry-sdk-logs\1.12.0-alpha\opentelemetry-sdk-logs-1.12.0-alpha.jar;C:\Users\asifu\.m2\repository\io\opentelemetry\opentelemetry-sdk-common\1.12.0\opentelemetry-sdk-common-1.12.0.jar;C:\Users\asifu\.m2\repository\io\opentelemetry\opentelemetry-sdk-extension-autoconfigure-spi\1.12.0\opentelemetry-sdk-extension-autoconfigure-spi-1.12.0.jar;C:\Users\asifu\.m2\repository\io\opentelemetry\opentelemetry-sdk-extension-autoconfigure\1.12.0-alpha\opentelemetry-sdk-extension-autoconfigure-1.12.0-alpha.jar;C:\Users\asifu\.m2\repository\io\opentelemetry\opentelemetry-sdk-trace\1.12.0\opentelemetry-sdk-trace-1.12.0.jar;C:\Users\asifu\.m2\repository\io\opentelemetry\opentelemetry-sdk\1.12.0\opentelemetry-sdk-1.12.0.jar;C:\Users\asifu\.m2\repository\io\opentelemetry\opentelemetry-semconv\1.12.0-alpha\opentelemetry-semconv-1.12.0-alpha.jar;C:\Users\asifu\.m2\repository\io\ous\jtoml\2.0.0\jtoml-2.0.0.jar;C:\Users\asifu\.m2\repository\net\bytebuddy\byte-buddy\1.12.8\byte-buddy-1.12.8.jar;C:\Users\asifu\.m2\repository\org\apache\commons\commons-exec\1.3\commons-exec-1.3.jar;C:\Users\asifu\.m2\repository\org\asynchttpclient\async-http-client\2.12.3\async-http-client-2.12.3.jar;C:\Users\asifu\.m2\repository\org\asynchttpclient\async-http-client-netty-utils\2.12.3\async-http-client-netty-utils-2.12.3.jar;C:\Users\asifu\.m2\repository\io\netty\netty-codec-socks\4.1.60.Final\netty-codec-socks-4.1.60.Final.jar;C:\Users\asifu\.m2\repository\io\netty\netty-handler-proxy\4.1.60.Final\netty-handler-proxy-4.1.60.Final.jar;C:\Users\asifu\.m2\repository\io\netty\netty-transport-native-epoll\4.1.60.Final\netty-transport-native-epoll-4.1.60.Final-linux-x86_64.jar;C:\Users\asifu\.m2\repository\io\netty\netty-transport-native-kqueue\4.1.60.Final\netty-transport-native-kqueue-4.1.60.Final-osx-x86_64.jar;C:\Users\asifu\.m2\repository\com\typesafe\netty\netty-reactive-streams\2.0.4\netty-reactive-streams-2.0.4.jar;C:\Users\asifu\.m2\repository\com\sun\activation\jakarta.activation\1.2.2\jakarta.activation-1.2.2.jar;C:\Users\asifu\.m2\repository\org\seleniumhq\selenium\selenium-http\4.1.3\selenium-http-4.1.3.jar;C:\Users\asifu\.m2\repository\dev\failsafe\failsafe\3.2.3\failsafe-3.2.3.jar;C:\Users\asifu\.m2\repository\org\seleniumhq\selenium\selenium-safari-driver\4.1.3\selenium-safari-driver-4.1.3.jar;C:\Users\asifu\.m2\repository\org\seleniumhq\selenium\selenium-support\4.1.3\selenium-support-4.1.3.jar;C:\Users\asifu\.m2\repository\io\qameta\allure\allure-cucumber7-jvm\2.17.2\allure-cucumber7-jvm-2.17.2.jar;C:\Users\asifu\.m2\repository\io\qameta\allure\allure-java-commons\2.17.2\allure-java-commons-2.17.2.jar;C:\Users\asifu\.m2\repository\io\qameta\allure\allure-model\2.17.2\allure-model-2.17.2.jar;C:\Users\asifu\.m2\repository\io\cucumber\gherkin\22.0.0\gherkin-22.0.0.jar;C:\Users\asifu\.m2\repository\com\googlecode\json-simple\json-simple\1.1.1\json-simple-1.1.1.jar;C:\Users\asifu\.m2\repository\org\apache\logging\log4j\log4j-core\2.20.0\log4j-core-2.20.0.jar;C:\Users\asifu\.m2\repository\org\apache\logging\log4j\log4j-api\2.20.0\log4j-api-2.20.0.jar;C:\Users\asifu\.m2\repository\org\hamcrest\hamcrest\2.2\hamcrest-2.2.jar;C:\Users\asifu\.m2\repository\org\projectlombok\lombok\1.18.22\lombok-1.18.22.jar;C:\Users\asifu\.m2\repository\org\apache\maven\plugins\maven-compiler-plugin\3.10.0\maven-compiler-plugin-3.10.0.jar;C:\Users\asifu\.m2\repository\org\apache\maven\shared\maven-shared-utils\3.3.4\maven-shared-utils-3.3.4.jar;C:\Users\asifu\.m2\repository\org\apache\maven\shared\maven-shared-incremental\1.1\maven-shared-incremental-1.1.jar;C:\Users\asifu\.m2\repository\org\codehaus\plexus\plexus-component-annotations\1.5.5\plexus-component-annotations-1.5.5.jar;C:\Users\asifu\.m2\repository\org\codehaus\plexus\plexus-java\1.1.1\plexus-java-1.1.1.jar;C:\Users\asifu\.m2\repository\org\ow2\asm\asm\9.2\asm-9.2.jar;C:\Users\asifu\.m2\repository\com\thoughtworks\qdox\qdox\2.0.1\qdox-2.0.1.jar;C:\Users\asifu\.m2\repository\org\codehaus\plexus\plexus-compiler-api\2.10.0\plexus-compiler-api-2.10.0.jar;C:\Users\asifu\.m2\repository\org\codehaus\plexus\plexus-utils\3.4.1\plexus-utils-3.4.1.jar;C:\Users\asifu\.m2\repository\org\codehaus\plexus\plexus-compiler-manager\2.10.0\plexus-compiler-manager-2.10.0.jar;C:\Users\asifu\.m2\repository\org\codehaus\plexus\plexus-compiler-javac\2.10.0\plexus-compiler-javac-2.10.0.jar;C:\Users\asifu\.m2\repository\junit\junit\4.13.2\junit-4.13.2.jar;C:\Users\asifu\.m2\repository\org\hamcrest\hamcrest-core\1.3\hamcrest-core-1.3.jar;C:\Users\asifu\.m2\repository\org\slf4j\slf4j-api\2.0.9\slf4j-api-2.0.9.jar;C:\Users\asifu\.m2\repository\ch\qos\reload4j\reload4j\1.2.22\reload4j-1.2.22.jar;C:\Users\asifu\.m2\repository\org\slf4j\slf4j-simple\2.0.9\slf4j-simple-2.0.9.jar;C:\Users\asifu\.m2\repository\io\qameta\allure\allure-testng\2.17.3\allure-testng-2.17.3.jar;C:\Users\asifu\.m2\repository\io\qameta\allure\allure-test-filter\2.17.3\allure-test-filter-2.17.3.jar;C:\Users\asifu\.m2\repository\io\github\bonigarcia\webdrivermanager\5.9.2\webdrivermanager-5.9.2.jar;C:\Users\asifu\.m2\repository\com\github\docker-java\docker-java\3.4.0\docker-java-3.4.0.jar;C:\Users\asifu\.m2\repository\com\github\docker-java\docker-java-core\3.4.0\docker-java-core-3.4.0.jar;C:\Users\asifu\.m2\repository\com\github\docker-java\docker-java-api\3.4.0\docker-java-api-3.4.0.jar;C:\Users\asifu\.m2\repository\com\fasterxml\jackson\core\jackson-annotations\2.10.3\jackson-annotations-2.10.3.jar;C:\Users\asifu\.m2\repository\com\fasterxml\jackson\core\jackson-databind\2.10.3\jackson-databind-2.10.3.jar;C:\Users\asifu\.m2\repository\com\fasterxml\jackson\core\jackson-core\2.10.3\jackson-core-2.10.3.jar;C:\Users\asifu\.m2\repository\org\slf4j\jcl-over-slf4j\1.7.30\jcl-over-slf4j-1.7.30.jar;C:\Users\asifu\.m2\repository\com\github\docker-java\docker-java-transport-httpclient5\3.4.0\docker-java-transport-httpclient5-3.4.0.jar;C:\Users\asifu\.m2\repository\com\github\docker-java\docker-java-transport\3.4.0\docker-java-transport-3.4.0.jar;C:\Users\asifu\.m2\repository\net\java\dev\jna\jna\5.13.0\jna-5.13.0.jar;C:\Users\asifu\.m2\repository\org\brotli\dec\0.1.2\dec-0.1.2.jar;C:\Users\asifu\.m2\repository\org\apache\commons\commons-lang3\3.15.0\commons-lang3-3.15.0.jar;C:\Users\asifu\.m2\repository\org\apache\commons\commons-compress\1.26.2\commons-compress-1.26.2.jar;C:\Users\asifu\.m2\repository\commons-codec\commons-codec\1.17.0\commons-codec-1.17.0.jar;C:\Users\asifu\.m2\repository\org\apache\httpcomponents\client5\httpclient5\5.2.1\httpclient5-5.2.1.jar;C:\Users\asifu\.m2\repository\org\apache\httpcomponents\core5\httpcore5\5.2\httpcore5-5.2.jar;C:\Users\asifu\.m2\repository\org\apache\httpcomponents\core5\httpcore5-h2\5.2\httpcore5-h2-5.2.jar;"/>
    <property name="java.vm.vendor" value="Oracle Corporation"/>
    <property name="sun.arch.data.model" value="64"/>
    <property name="user.variant" value=""/>
    <property name="java.vendor.url" value="https://java.oracle.com/"/>
    <property name="user.timezone" value="Asia/Dhaka"/>
    <property name="os.name" value="Windows 11"/>
    <property name="java.vm.specification.version" value="17"/>
    <property name="sun.java.launcher" value="SUN_STANDARD"/>
    <property name="user.country" value="US"/>
    <property name="allure.link.issue.pattern" value="https://example.org/browse/{}"/>
    <property name="sun.boot.library.path" value="C:\Program Files\Java\jdk-17\bin"/>
    <property name="sun.java.command" value="C:\Users\asifu\AppData\Local\Temp\surefire2352369881078556927\surefirebooter17062802741345552892.jar C:\Users\asifu\AppData\Local\Temp\surefire2352369881078556927 2024-10-30T12-41-20_375-jvmRun1 surefire3787669313544164403tmp surefire_013498866865657603945tmp"/>
    <property name="jdk.debug" value="release"/>
    <property name="surefire.test.class.path" value="C:\Users\asifu\Downloads\SeleniumGridE2E-Selenium-Grid-Automation-with-Multiple-VMs\SeleniumGridE2E-Selenium-Grid-Automation-with-Multiple-VMs\target\test-classes;C:\Users\asifu\Downloads\SeleniumGridE2E-Selenium-Grid-Automation-with-Multiple-VMs\SeleniumGridE2E-Selenium-Grid-Automation-with-Multiple-VMs\target\classes;C:\Users\asifu\.m2\repository\io\cucumber\cucumber-java\7.2.3\cucumber-java-7.2.3.jar;C:\Users\asifu\.m2\repository\io\cucumber\cucumber-core\7.2.3\cucumber-core-7.2.3.jar;C:\Users\asifu\.m2\repository\io\cucumber\cucumber-gherkin\7.2.3\cucumber-gherkin-7.2.3.jar;C:\Users\asifu\.m2\repository\io\cucumber\cucumber-gherkin-messages\7.2.3\cucumber-gherkin-messages-7.2.3.jar;C:\Users\asifu\.m2\repository\io\cucumber\messages\17.1.1\messages-17.1.1.jar;C:\Users\asifu\.m2\repository\io\cucumber\tag-expressions\4.1.0\tag-expressions-4.1.0.jar;C:\Users\asifu\.m2\repository\io\cucumber\cucumber-expressions\15.0.1\cucumber-expressions-15.0.1.jar;C:\Users\asifu\.m2\repository\io\cucumber\datatable\7.2.3\datatable-7.2.3.jar;C:\Users\asifu\.m2\repository\io\cucumber\cucumber-plugin\7.2.3\cucumber-plugin-7.2.3.jar;C:\Users\asifu\.m2\repository\io\cucumber\docstring\7.2.3\docstring-7.2.3.jar;C:\Users\asifu\.m2\repository\io\cucumber\html-formatter\17.0.0\html-formatter-17.0.0.jar;C:\Users\asifu\.m2\repository\io\cucumber\ci-environment\8.1.0\ci-environment-8.1.0.jar;C:\Users\asifu\.m2\repository\org\apiguardian\apiguardian-api\1.1.2\apiguardian-api-1.1.2.jar;C:\Users\asifu\.m2\repository\commons-io\commons-io\2.11.0\commons-io-2.11.0.jar;C:\Users\asifu\.m2\repository\tech\grasshopper\extentreports-cucumber7-adapter\1.3.0\extentreports-cucumber7-adapter-1.3.0.jar;C:\Users\asifu\.m2\repository\tech\grasshopper\extent-pdf-report\2.1.0\extent-pdf-report-2.1.0.jar;C:\Users\asifu\.m2\repository\tech\grasshopper\cucumber-pdf-report\2.5.0\cucumber-pdf-report-2.5.0.jar;C:\Users\asifu\.m2\repository\org\apache\pdfbox\pdfbox\2.0.25\pdfbox-2.0.25.jar;C:\Users\asifu\.m2\repository\org\apache\pdfbox\fontbox\2.0.25\fontbox-2.0.25.jar;C:\Users\asifu\.m2\repository\org\knowm\xchart\xchart\3.8.0\xchart-3.8.0.jar;C:\Users\asifu\.m2\repository\de\erichseifert\vectorgraphics2d\VectorGraphics2D\0.13\VectorGraphics2D-0.13.jar;C:\Users\asifu\.m2\repository\de\rototor\pdfbox\graphics2d\0.30\graphics2d-0.30.jar;C:\Users\asifu\.m2\repository\com\madgag\animated-gif-lib\1.4\animated-gif-lib-1.4.jar;C:\Users\asifu\.m2\repository\org\yaml\snakeyaml\1.28\snakeyaml-1.28.jar;C:\Users\asifu\.m2\repository\tech\grasshopper\table-layout\1.4.0\table-layout-1.4.0.jar;C:\Users\asifu\.m2\repository\tech\grasshopper\rest-assured-cucumber-pdf-report\1.1.0\rest-assured-cucumber-pdf-report-1.1.0.jar;C:\Users\asifu\.m2\repository\org\jsoup\jsoup\1.13.1\jsoup-1.13.1.jar;C:\Users\asifu\.m2\repository\com\aventstack\klov-reporter\5.0.9\klov-reporter-5.0.9.jar;C:\Users\asifu\.m2\repository\org\mongodb\mongodb-driver\3.6.4\mongodb-driver-3.6.4.jar;C:\Users\asifu\.m2\repository\org\mongodb\mongodb-driver-core\3.6.4\mongodb-driver-core-3.6.4.jar;C:\Users\asifu\.m2\repository\org\mongodb\bson\3.6.4\bson-3.6.4.jar;C:\Users\asifu\.m2\repository\org\apache\httpcomponents\httpclient\4.5.13\httpclient-4.5.13.jar;C:\Users\asifu\.m2\repository\org\apache\httpcomponents\httpcore\4.4.13\httpcore-4.4.13.jar;C:\Users\asifu\.m2\repository\commons-logging\commons-logging\1.2\commons-logging-1.2.jar;C:\Users\asifu\.m2\repository\org\apache\httpcomponents\httpmime\4.5.13\httpmime-4.5.13.jar;C:\Users\asifu\.m2\repository\tech\grasshopper\htmlextentreporter\1.0.0\htmlextentreporter-1.0.0.jar;C:\Users\asifu\.m2\repository\org\testng\testng\7.7.1\testng-7.7.1.jar;C:\Users\asifu\.m2\repository\com\beust\jcommander\1.82\jcommander-1.82.jar;C:\Users\asifu\.m2\repository\org\webjars\jquery\3.6.1\jquery-3.6.1.jar;C:\Users\asifu\.m2\repository\com\aventstack\extentreports\5.0.9\extentreports-5.0.9.jar;C:\Users\asifu\.m2\repository\io\reactivex\rxjava3\rxjava\3.0.4\rxjava-3.0.4.jar;C:\Users\asifu\.m2\repository\org\reactivestreams\reactive-streams\1.0.3\reactive-streams-1.0.3.jar;C:\Users\asifu\.m2\repository\org\freemarker\freemarker\2.3.30\freemarker-2.3.30.jar;C:\Users\asifu\.m2\repository\com\google\code\gson\gson\2.8.6\gson-2.8.6.jar;C:\Users\asifu\.m2\repository\io\cucumber\cucumber-picocontainer\7.2.3\cucumber-picocontainer-7.2.3.jar;C:\Users\asifu\.m2\repository\org\picocontainer\picocontainer\2.15\picocontainer-2.15.jar;C:\Users\asifu\.m2\repository\io\cucumber\cucumber-testng\7.2.3\cucumber-testng-7.2.3.jar;C:\Users\asifu\.m2\repository\org\seleniumhq\selenium\selenium-java\4.1.3\selenium-java-4.1.3.jar;C:\Users\asifu\.m2\repository\org\seleniumhq\selenium\selenium-api\4.1.3\selenium-api-4.1.3.jar;C:\Users\asifu\.m2\repository\org\seleniumhq\selenium\selenium-chrome-driver\4.1.3\selenium-chrome-driver-4.1.3.jar;C:\Users\asifu\.m2\repository\com\google\auto\service\auto-service-annotations\1.0.1\auto-service-annotations-1.0.1.jar;C:\Users\asifu\.m2\repository\com\google\auto\service\auto-service\1.0.1\auto-service-1.0.1.jar;C:\Users\asifu\.m2\repository\com\google\auto\auto-common\1.2\auto-common-1.2.jar;C:\Users\asifu\.m2\repository\com\google\guava\guava\31.1-jre\guava-31.1-jre.jar;C:\Users\asifu\.m2\repository\com\google\guava\failureaccess\1.0.1\failureaccess-1.0.1.jar;C:\Users\asifu\.m2\repository\com\google\guava\listenablefuture\9999.0-empty-to-avoid-conflict-with-guava\listenablefuture-9999.0-empty-to-avoid-conflict-with-guava.jar;C:\Users\asifu\.m2\repository\com\google\code\findbugs\jsr305\3.0.2\jsr305-3.0.2.jar;C:\Users\asifu\.m2\repository\org\checkerframework\checker-qual\3.12.0\checker-qual-3.12.0.jar;C:\Users\asifu\.m2\repository\com\google\errorprone\error_prone_annotations\2.11.0\error_prone_annotations-2.11.0.jar;C:\Users\asifu\.m2\repository\com\google\j2objc\j2objc-annotations\1.3\j2objc-annotations-1.3.jar;C:\Users\asifu\.m2\repository\org\seleniumhq\selenium\selenium-chromium-driver\4.1.3\selenium-chromium-driver-4.1.3.jar;C:\Users\asifu\.m2\repository\org\seleniumhq\selenium\selenium-json\4.1.3\selenium-json-4.1.3.jar;C:\Users\asifu\.m2\repository\org\seleniumhq\selenium\selenium-devtools-v85\4.1.3\selenium-devtools-v85-4.1.3.jar;C:\Users\asifu\.m2\repository\org\seleniumhq\selenium\selenium-devtools-v97\4.1.3\selenium-devtools-v97-4.1.3.jar;C:\Users\asifu\.m2\repository\org\seleniumhq\selenium\selenium-devtools-v98\4.1.3\selenium-devtools-v98-4.1.3.jar;C:\Users\asifu\.m2\repository\org\seleniumhq\selenium\selenium-devtools-v99\4.1.3\selenium-devtools-v99-4.1.3.jar;C:\Users\asifu\.m2\repository\org\seleniumhq\selenium\selenium-edge-driver\4.1.3\selenium-edge-driver-4.1.3.jar;C:\Users\asifu\.m2\repository\org\seleniumhq\selenium\selenium-firefox-driver\4.1.3\selenium-firefox-driver-4.1.3.jar;C:\Users\asifu\.m2\repository\org\seleniumhq\selenium\selenium-ie-driver\4.1.3\selenium-ie-driver-4.1.3.jar;C:\Users\asifu\.m2\repository\org\seleniumhq\selenium\selenium-opera-driver\4.1.3\selenium-opera-driver-4.1.3.jar;C:\Users\asifu\.m2\repository\org\seleniumhq\selenium\selenium-remote-driver\4.1.3\selenium-remote-driver-4.1.3.jar;C:\Users\asifu\.m2\repository\io\netty\netty-buffer\4.1.75.Final\netty-buffer-4.1.75.Final.jar;C:\Users\asifu\.m2\repository\io\netty\netty-codec-http\4.1.75.Final\netty-codec-http-4.1.75.Final.jar;C:\Users\asifu\.m2\repository\io\netty\netty-codec\4.1.75.Final\netty-codec-4.1.75.Final.jar;C:\Users\asifu\.m2\repository\io\netty\netty-handler\4.1.75.Final\netty-handler-4.1.75.Final.jar;C:\Users\asifu\.m2\repository\io\netty\netty-common\4.1.75.Final\netty-common-4.1.75.Final.jar;C:\Users\asifu\.m2\repository\io\netty\netty-transport-classes-epoll\4.1.75.Final\netty-transport-classes-epoll-4.1.75.Final.jar;C:\Users\asifu\.m2\repository\io\netty\netty-transport-classes-kqueue\4.1.75.Final\netty-transport-classes-kqueue-4.1.75.Final.jar;C:\Users\asifu\.m2\repository\io\netty\netty-transport-native-epoll\4.1.75.Final\netty-transport-native-epoll-4.1.75.Final.jar;C:\Users\asifu\.m2\repository\io\netty\netty-transport-native-kqueue\4.1.75.Final\netty-transport-native-kqueue-4.1.75.Final.jar;C:\Users\asifu\.m2\repository\io\netty\netty-transport-native-unix-common\4.1.75.Final\netty-transport-native-unix-common-4.1.75.Final.jar;C:\Users\asifu\.m2\repository\io\netty\netty-transport\4.1.75.Final\netty-transport-4.1.75.Final.jar;C:\Users\asifu\.m2\repository\io\netty\netty-resolver\4.1.75.Final\netty-resolver-4.1.75.Final.jar;C:\Users\asifu\.m2\repository\io\opentelemetry\opentelemetry-api\1.12.0\opentelemetry-api-1.12.0.jar;C:\Users\asifu\.m2\repository\io\opentelemetry\opentelemetry-context\1.12.0\opentelemetry-context-1.12.0.jar;C:\Users\asifu\.m2\repository\io\opentelemetry\opentelemetry-exporter-logging\1.12.0\opentelemetry-exporter-logging-1.12.0.jar;C:\Users\asifu\.m2\repository\io\opentelemetry\opentelemetry-sdk-metrics\1.12.0-alpha\opentelemetry-sdk-metrics-1.12.0-alpha.jar;C:\Users\asifu\.m2\repository\io\opentelemetry\opentelemetry-sdk-logs\1.12.0-alpha\opentelemetry-sdk-logs-1.12.0-alpha.jar;C:\Users\asifu\.m2\repository\io\opentelemetry\opentelemetry-sdk-common\1.12.0\opentelemetry-sdk-common-1.12.0.jar;C:\Users\asifu\.m2\repository\io\opentelemetry\opentelemetry-sdk-extension-autoconfigure-spi\1.12.0\opentelemetry-sdk-extension-autoconfigure-spi-1.12.0.jar;C:\Users\asifu\.m2\repository\io\opentelemetry\opentelemetry-sdk-extension-autoconfigure\1.12.0-alpha\opentelemetry-sdk-extension-autoconfigure-1.12.0-alpha.jar;C:\Users\asifu\.m2\repository\io\opentelemetry\opentelemetry-sdk-trace\1.12.0\opentelemetry-sdk-trace-1.12.0.jar;C:\Users\asifu\.m2\repository\io\opentelemetry\opentelemetry-sdk\1.12.0\opentelemetry-sdk-1.12.0.jar;C:\Users\asifu\.m2\repository\io\opentelemetry\opentelemetry-semconv\1.12.0-alpha\opentelemetry-semconv-1.12.0-alpha.jar;C:\Users\asifu\.m2\repository\io\ous\jtoml\2.0.0\jtoml-2.0.0.jar;C:\Users\asifu\.m2\repository\net\bytebuddy\byte-buddy\1.12.8\byte-buddy-1.12.8.jar;C:\Users\asifu\.m2\repository\org\apache\commons\commons-exec\1.3\commons-exec-1.3.jar;C:\Users\asifu\.m2\repository\org\asynchttpclient\async-http-client\2.12.3\async-http-client-2.12.3.jar;C:\Users\asifu\.m2\repository\org\asynchttpclient\async-http-client-netty-utils\2.12.3\async-http-client-netty-utils-2.12.3.jar;C:\Users\asifu\.m2\repository\io\netty\netty-codec-socks\4.1.60.Final\netty-codec-socks-4.1.60.Final.jar;C:\Users\asifu\.m2\repository\io\netty\netty-handler-proxy\4.1.60.Final\netty-handler-proxy-4.1.60.Final.jar;C:\Users\asifu\.m2\repository\io\netty\netty-transport-native-epoll\4.1.60.Final\netty-transport-native-epoll-4.1.60.Final-linux-x86_64.jar;C:\Users\asifu\.m2\repository\io\netty\netty-transport-native-kqueue\4.1.60.Final\netty-transport-native-kqueue-4.1.60.Final-osx-x86_64.jar;C:\Users\asifu\.m2\repository\com\typesafe\netty\netty-reactive-streams\2.0.4\netty-reactive-streams-2.0.4.jar;C:\Users\asifu\.m2\repository\com\sun\activation\jakarta.activation\1.2.2\jakarta.activation-1.2.2.jar;C:\Users\asifu\.m2\repository\org\seleniumhq\selenium\selenium-http\4.1.3\selenium-http-4.1.3.jar;C:\Users\asifu\.m2\repository\dev\failsafe\failsafe\3.2.3\failsafe-3.2.3.jar;C:\Users\asifu\.m2\repository\org\seleniumhq\selenium\selenium-safari-driver\4.1.3\selenium-safari-driver-4.1.3.jar;C:\Users\asifu\.m2\repository\org\seleniumhq\selenium\selenium-support\4.1.3\selenium-support-4.1.3.jar;C:\Users\asifu\.m2\repository\io\qameta\allure\allure-cucumber7-jvm\2.17.2\allure-cucumber7-jvm-2.17.2.jar;C:\Users\asifu\.m2\repository\io\qameta\allure\allure-java-commons\2.17.2\allure-java-commons-2.17.2.jar;C:\Users\asifu\.m2\repository\io\qameta\allure\allure-model\2.17.2\allure-model-2.17.2.jar;C:\Users\asifu\.m2\repository\io\cucumber\gherkin\22.0.0\gherkin-22.0.0.jar;C:\Users\asifu\.m2\repository\com\googlecode\json-simple\json-simple\1.1.1\json-simple-1.1.1.jar;C:\Users\asifu\.m2\repository\org\apache\logging\log4j\log4j-core\2.20.0\log4j-core-2.20.0.jar;C:\Users\asifu\.m2\repository\org\apache\logging\log4j\log4j-api\2.20.0\log4j-api-2.20.0.jar;C:\Users\asifu\.m2\repository\org\hamcrest\hamcrest\2.2\hamcrest-2.2.jar;C:\Users\asifu\.m2\repository\org\projectlombok\lombok\1.18.22\lombok-1.18.22.jar;C:\Users\asifu\.m2\repository\org\apache\maven\plugins\maven-compiler-plugin\3.10.0\maven-compiler-plugin-3.10.0.jar;C:\Users\asifu\.m2\repository\org\apache\maven\shared\maven-shared-utils\3.3.4\maven-shared-utils-3.3.4.jar;C:\Users\asifu\.m2\repository\org\apache\maven\shared\maven-shared-incremental\1.1\maven-shared-incremental-1.1.jar;C:\Users\asifu\.m2\repository\org\codehaus\plexus\plexus-component-annotations\1.5.5\plexus-component-annotations-1.5.5.jar;C:\Users\asifu\.m2\repository\org\codehaus\plexus\plexus-java\1.1.1\plexus-java-1.1.1.jar;C:\Users\asifu\.m2\repository\org\ow2\asm\asm\9.2\asm-9.2.jar;C:\Users\asifu\.m2\repository\com\thoughtworks\qdox\qdox\2.0.1\qdox-2.0.1.jar;C:\Users\asifu\.m2\repository\org\codehaus\plexus\plexus-compiler-api\2.10.0\plexus-compiler-api-2.10.0.jar;C:\Users\asifu\.m2\repository\org\codehaus\plexus\plexus-utils\3.4.1\plexus-utils-3.4.1.jar;C:\Users\asifu\.m2\repository\org\codehaus\plexus\plexus-compiler-manager\2.10.0\plexus-compiler-manager-2.10.0.jar;C:\Users\asifu\.m2\repository\org\codehaus\plexus\plexus-compiler-javac\2.10.0\plexus-compiler-javac-2.10.0.jar;C:\Users\asifu\.m2\repository\junit\junit\4.13.2\junit-4.13.2.jar;C:\Users\asifu\.m2\repository\org\hamcrest\hamcrest-core\1.3\hamcrest-core-1.3.jar;C:\Users\asifu\.m2\repository\org\slf4j\slf4j-api\2.0.9\slf4j-api-2.0.9.jar;C:\Users\asifu\.m2\repository\ch\qos\reload4j\reload4j\1.2.22\reload4j-1.2.22.jar;C:\Users\asifu\.m2\repository\org\slf4j\slf4j-simple\2.0.9\slf4j-simple-2.0.9.jar;C:\Users\asifu\.m2\repository\io\qameta\allure\allure-testng\2.17.3\allure-testng-2.17.3.jar;C:\Users\asifu\.m2\repository\io\qameta\allure\allure-test-filter\2.17.3\allure-test-filter-2.17.3.jar;C:\Users\asifu\.m2\repository\io\github\bonigarcia\webdrivermanager\5.9.2\webdrivermanager-5.9.2.jar;C:\Users\asifu\.m2\repository\com\github\docker-java\docker-java\3.4.0\docker-java-3.4.0.jar;C:\Users\asifu\.m2\repository\com\github\docker-java\docker-java-core\3.4.0\docker-java-core-3.4.0.jar;C:\Users\asifu\.m2\repository\com\github\docker-java\docker-java-api\3.4.0\docker-java-api-3.4.0.jar;C:\Users\asifu\.m2\repository\com\fasterxml\jackson\core\jackson-annotations\2.10.3\jackson-annotations-2.10.3.jar;C:\Users\asifu\.m2\repository\com\fasterxml\jackson\core\jackson-databind\2.10.3\jackson-databind-2.10.3.jar;C:\Users\asifu\.m2\repository\com\fasterxml\jackson\core\jackson-core\2.10.3\jackson-core-2.10.3.jar;C:\Users\asifu\.m2\repository\org\slf4j\jcl-over-slf4j\1.7.30\jcl-over-slf4j-1.7.30.jar;C:\Users\asifu\.m2\repository\com\github\docker-java\docker-java-transport-httpclient5\3.4.0\docker-java-transport-httpclient5-3.4.0.jar;C:\Users\asifu\.m2\repository\com\github\docker-java\docker-java-transport\3.4.0\docker-java-transport-3.4.0.jar;C:\Users\asifu\.m2\repository\net\java\dev\jna\jna\5.13.0\jna-5.13.0.jar;C:\Users\asifu\.m2\repository\org\brotli\dec\0.1.2\dec-0.1.2.jar;C:\Users\asifu\.m2\repository\org\apache\commons\commons-lang3\3.15.0\commons-lang3-3.15.0.jar;C:\Users\asifu\.m2\repository\org\apache\commons\commons-compress\1.26.2\commons-compress-1.26.2.jar;C:\Users\asifu\.m2\repository\commons-codec\commons-codec\1.17.0\commons-codec-1.17.0.jar;C:\Users\asifu\.m2\repository\org\apache\httpcomponents\client5\httpclient5\5.2.1\httpclient5-5.2.1.jar;C:\Users\asifu\.m2\repository\org\apache\httpcomponents\core5\httpcore5\5.2\httpcore5-5.2.jar;C:\Users\asifu\.m2\repository\org\apache\httpcomponents\core5\httpcore5-h2\5.2\httpcore5-h2-5.2.jar;"/>
    <property name="sun.cpu.endian" value="little"/>
    <property name="allure.results.directory" value="allure-results"/>
    <property name="user.home" value="C:\Users\asifu"/>
    <property name="user.language" value="en"/>
    <property name="java.specification.vendor" value="Oracle Corporation"/>
    <property name="java.version.date" value="2024-07-16"/>
    <property name="java.home" value="C:\Program Files\Java\jdk-17"/>
    <property name="file.separator" value="\"/>
    <property name="allure.link.tms.pattern" value="https://example.org/browse/{}"/>
    <property name="basedir" value="C:\Users\asifu\Downloads\SeleniumGridE2E-Selenium-Grid-Automation-with-Multiple-VMs\SeleniumGridE2E-Selenium-Grid-Automation-with-Multiple-VMs"/>
    <property name="java.vm.compressedOopsMode" value="Zero based"/>
    <property name="line.separator" value="&#10;"/>
    <property name="java.vm.specification.vendor" value="Oracle Corporation"/>
    <property name="java.specification.name" value="Java Platform API Specification"/>
    <property name="surefire.real.class.path" value="C:\Users\asifu\AppData\Local\Temp\surefire2352369881078556927\surefirebooter17062802741345552892.jar"/>
    <property name="user.script" value=""/>
    <property name="sun.management.compiler" value="HotSpot 64-Bit Tiered Compilers"/>
    <property name="java.runtime.version" value="17.0.12+8-LTS-286"/>
    <property name="user.name" value="asifu"/>
    <property name="path.separator" value=";"/>
    <property name="otel.metrics.exporter" value="none"/>
    <property name="os.version" value="10.0"/>
    <property name="java.runtime.name" value="Java(TM) SE Runtime Environment"/>
    <property name="otel.traces.exporter" value="none"/>
    <property name="file.encoding" value="Cp1252"/>
    <property name="java.vm.name" value="Java HotSpot(TM) 64-Bit Server VM"/>
    <property name="localRepository" value="C:\Users\asifu\.m2\repository"/>
    <property name="cucumber.options" value="--plugin io.qameta.allure.cucumber7jvm.AllureCucumber7Jvm"/>
    <property name="java.vendor.url.bug" value="https://bugreport.java.com/bugreport/"/>
    <property name="java.io.tmpdir" value="C:\Users\asifu\AppData\Local\Temp\"/>
    <property name="java.version" value="17.0.12"/>
    <property name="user.dir" value="C:\Users\asifu\Downloads\SeleniumGridE2E-Selenium-Grid-Automation-with-Multiple-VMs\SeleniumGridE2E-Selenium-Grid-Automation-with-Multiple-VMs"/>
    <property name="os.arch" value="amd64"/>
    <property name="java.vm.specification.name" value="Java Virtual Machine Specification"/>
    <property name="sun.os.patch.level" value=""/>
    <property name="native.encoding" value="Cp1252"/>
    <property name="java.library.path" value="C:\Program Files\Java\jdk-17\bin;C:\WINDOWS\Sun\Java\bin;C:\WINDOWS\system32;C:\WINDOWS;C:\Program Files\Common Files\Oracle\Java\javapath;C:\WINDOWS\system32;C:\WINDOWS;C:\WINDOWS\System32\Wbem;C:\WINDOWS\System32\WindowsPowerShell\v1.0\;C:\WINDOWS\System32\OpenSSH\;C:\Program Files\nodejs\;C:\apache-maven-3.8.6\bin;C:\Program Files\Tesseract-OCR;C:\Program Files\Cloudflare\Cloudflare WARP\;C:\Program Files\Java\jdk-17\bin;C:\Users\asifu\AppData\Local\Programs\Python\Python312;C:\Users\asifu\AppData\Local\Programs\Python\Python312\Scripts;C:\Program Files\Docker\Docker\resources\bin;C:\Program Files\Java\jdk-17\bin;C:\Program Files\Git\cmd;C:\Program Files\Git;C:\Users\asifu\AppData\Local\Microsoft\WindowsApps;C:\Users\asifu\AppData\Local\Programs\Microsoft VS Code\bin;;C:\Program Files\JetBrains\IntelliJ IDEA Community Edition 2024.2.4\bin;;."/>
    <property name="java.vm.info" value="mixed mode, sharing"/>
    <property name="java.vendor" value="Oracle Corporation"/>
    <property name="java.vm.version" value="17.0.12+8-LTS-286"/>
    <property name="sun.io.unicode.encoding" value="UnicodeLittle"/>
    <property name="java.class.version" value="61.0"/>
  </properties>
  <testcase name="runScenario[&quot;Verify man fashion Category views&quot;, &quot;Optional[Verify User Login page fields.]&quot;](2)" classname="com.bikroy.TestRunner.TestRunner" time="1.332">
    <failure message="Cannot invoke &quot;String.equalsIgnoreCase(String)&quot; because &quot;browserName&quot; is null" type="java.lang.NullPointerException"><![CDATA[java.lang.NullPointerException: Cannot invoke "String.equalsIgnoreCase(String)" because "browserName" is null
]]></failure>
    <system-out><![CDATA[
@Release @SAJIM
Scenario: Verify  Login Page fields            # src/test/resources/features/UI/Login/Login.feature:4

@Release @SAJIM
Scenario: Verify Electronics Category views   # src/test/resources/features/UI/Login/Login.feature:21

@Release @RAZIB
Scenario: Verify Property Category views   # src/test/resources/features/UI/Login/Login.feature:33

@Release @SAJIM
Scenario: Verify Mobile Category views   # src/test/resources/features/UI/Login/Login.feature:15

@Release @RAZIB
Scenario: Verify woman fashion Category views   # src/test/resources/features/UI/Login/Login.feature:61

@Release @RAZIB
Scenario: Verify Vehicles Category views   # src/test/resources/features/UI/Login/Login.feature:27

@Release @SAJIM
Scenario: Verify pets and animal Category views   # src/test/resources/features/UI/Login/Login.feature:55

@Release @SAJIM
Scenario: Verify home and living Category views   # src/test/resources/features/UI/Login/Login.feature:49

@Release @RAZIB
Scenario: Verify man fashion Category views   # src/test/resources/features/UI/Login/Login.feature:67

@Release @RAZIB
Scenario: Verify Property Category views   # src/test/resources/features/UI/Login/Login.feature:40
Its From RemoteDriver Options http://localhost:4444/wd/hub Its From RemoteDriver Options http://localhost:4444/wd/hub Initializing WebDriver with IP: http://localhost:4444/wd/hub
Initializing WebDriver with IP: http://localhost:4444/wd/hub
Its From RemoteDriver Options http://localhost:4444/wd/hub Initializing WebDriver with IP: http://localhost:4444/wd/hub
Its From RemoteDriver Options http://localhost:4444/wd/hub Initializing WebDriver with IP: http://localhost:4444/wd/hub
Its From RemoteDriver Options http://localhost:4444/wd/hub Initializing WebDriver with IP: http://localhost:4444/wd/hub
Its From RemoteDriver Options http://localhost:4444/wd/hub Its From RemoteDriver Options http://localhost:4444/wd/hub Its From RemoteDriver Options http://localhost:4444/wd/hub Initializing WebDriver with IP: http://localhost:4444/wd/hub
Initializing WebDriver with IP: http://localhost:4444/wd/hub
Initializing WebDriver with IP: http://localhost:4444/wd/hub
Its From RemoteDriver Options http://localhost:4444/wd/hub Its From RemoteDriver Options http://localhost:4444/wd/hub Initializing WebDriver with IP: http://localhost:4444/wd/hub
Initializing WebDriver with IP: http://localhost:4444/wd/hub
      java.lang.NullPointerException: Cannot invoke "String.equalsIgnoreCase(String)" because "browserName" is null
	at com.bikroy.testbase.TestBase.initializeDriver(TestBase.java:36)
	at com.bikroy.testbase.TestContextSetup.initializeDriver(TestContextSetup.java:21)
	at com.bikroy.stepdefinitions.Hooks.BeforeScenario(Hooks.java:31)

      java.lang.NullPointerException: Cannot invoke "String.equalsIgnoreCase(String)" because "browserName" is null
	at com.bikroy.testbase.TestBase.initializeDriver(TestBase.java:36)
	at com.bikroy.testbase.TestContextSetup.initializeDriver(TestContextSetup.java:21)
	at com.bikroy.stepdefinitions.Hooks.BeforeScenario(Hooks.java:31)

Its From Chrome Options http://localhost:4444/wd/hub Its From Chrome Options http://localhost:4444/wd/hub Its From Chrome Options http://localhost:4444/wd/hub Its From Chrome Options http://localhost:4444/wd/hub Its From Chrome Options http://localhost:4444/wd/hub Its From Chrome Options http://localhost:4444/wd/hub Its From Chrome Options http://localhost:4444/wd/hub Its From Chrome Options http://localhost:4444/wd/hub   Given I should see the woman fashion category # com.bikroy.stepdefinitions.LoginSteps.Ishouldseethewomanfashioncategory()
  Given I should see the man fashion category # com.bikroy.stepdefinitions.LoginSteps.Ishouldseethemanfashioncategory()
  Then I should Click on woman fashion Category # com.bikroy.stepdefinitions.LoginSteps.IshouldClickonwomanfashionCategory()
  Then I should Click on man fashion Category # com.bikroy.stepdefinitions.LoginSteps.IshouldClickonmanfashionCategory()
  And I should See man fashion product        # com.bikroy.stepdefinitions.LoginSteps.IshouldSeemanfashionproduct()
  And I should See woman fashion product        # com.bikroy.stepdefinitions.LoginSteps.IshouldSeewomanfashionproduct()
]]></system-out>
    <system-err><![CDATA[Oct 30, 2024 12:41:24 PM org.openqa.selenium.remote.tracing.opentelemetry.OpenTelemetryTracer createTracer
INFO: Using OpenTelemetry for tracing
]]></system-err>
  </testcase>
  <testcase name="runScenario[&quot;Verify woman fashion Category views&quot;, &quot;Optional[Verify User Login page fields.]&quot;](2)" classname="com.bikroy.TestRunner.TestRunner" time="1.332">
    <failure message="Cannot invoke &quot;String.equalsIgnoreCase(String)&quot; because &quot;browserName&quot; is null" type="java.lang.NullPointerException"><![CDATA[java.lang.NullPointerException: Cannot invoke "String.equalsIgnoreCase(String)" because "browserName" is null
]]></failure>
  </testcase>
  <testcase name="runScenario[&quot;Verify Vehicles Category views&quot;, &quot;Optional[Verify User Login page fields.]&quot;](3)" classname="com.bikroy.TestRunner.TestRunner" time="60.499">
    <system-out><![CDATA[
@Release @SAJIM
Scenario: Verify business and industry Category views   # src/test/resources/features/UI/Login/Login.feature:83

@Release @RAZIB
Its From RemoteDriver Options http://localhost:4444/wd/hub Scenario: Verify hobbies sports and kids Category views   # src/test/resources/features/UI/Login/Login.feature:74
Initializing WebDriver with IP: http://localhost:4444/wd/hub
Its From Chrome Options http://localhost:4444/wd/hub Its From RemoteDriver Options http://localhost:4444/wd/hub Initializing WebDriver with IP: http://localhost:4444/wd/hub
Its From Chrome Options http://localhost:4444/wd/hub https://bikroy.com/en
https://bikroy.com/en
https://bikroy.com/en
2024-10-30 12:42:02 [TestNG-PoolService-7] INFO  com.bikroy.stepdefinitions.LoginSteps - pets and animal Category displayed
  Given I should see the pets and animal category # com.bikroy.stepdefinitions.LoginSteps.Ishouldseethepetsandanimalcategory()
2024-10-30 12:42:03 [TestNG-PoolService-3] INFO  com.bikroy.stepdefinitions.LoginSteps - Vehicles Category displayed
  Given I should see the Vehicles category # com.bikroy.stepdefinitions.LoginSteps.iShouldSeeTheVehiclesCategory()
https://bikroy.com/en
https://bikroy.com/en
2024-10-30 12:42:07 [TestNG-PoolService-8] INFO  com.bikroy.stepdefinitions.LoginSteps - home and living Category displayed
  Given I should see the business and industry category # com.bikroy.stepdefinitions.LoginSteps.Ishouldseethebusinessandindustrycategory()
2024-10-30 12:42:09 [TestNG-PoolService-1] INFO  com.bikroy.stepdefinitions.LoginSteps - Mobile Category displayed
  Given I should see the Mobile category # com.bikroy.stepdefinitions.LoginSteps.iShouldSeeTheMobileCategory()
  Then I should Click on Vehicles Category # com.bikroy.stepdefinitions.LoginSteps.iShouldClickOnVehiclesCategory()
https://bikroy.com/en
2024-10-30 12:42:20 [TestNG-PoolService-9] INFO  com.bikroy.stepdefinitions.LoginSteps - home and living Category displayed
  Given I should see the hobbies sports and kids category # com.bikroy.stepdefinitions.LoginSteps.Ishouldseethehobbiessportsandkidscategory()
https://bikroy.com/en
2024-10-30 12:42:22 [TestNG-PoolService-3] INFO  com.bikroy.stepdefinitions.LoginSteps - Vehicles product displayed
  And I should See Vehicles product        # com.bikroy.stepdefinitions.LoginSteps.iShouldSeeVehiclesProduct()
2024-10-30 12:42:23 [TestNG-PoolService-5] INFO  com.bikroy.stepdefinitions.LoginSteps - Property Category displayed
  Given I should see the Property category # com.bikroy.stepdefinitions.LoginSteps.iShouldSeeThePropertyCategory()
  Then I should Click on business and industry Category # com.bikroy.stepdefinitions.LoginSteps.IshouldClickonbusinessandindustryCategory()
]]></system-out>
    <system-err><![CDATA[Oct 30, 2024 12:41:42 PM org.openqa.selenium.remote.ProtocolHandshake createSession
INFO: Detected dialect: W3C
Oct 30, 2024 12:41:44 PM org.openqa.selenium.remote.ProtocolHandshake createSession
INFO: Detected dialect: W3C
Oct 30, 2024 12:41:44 PM org.openqa.selenium.remote.ProtocolHandshake createSession
INFO: Detected dialect: W3C
Oct 30, 2024 12:41:52 PM org.openqa.selenium.remote.ProtocolHandshake createSession
INFO: Detected dialect: W3C
Oct 30, 2024 12:41:53 PM org.openqa.selenium.remote.ProtocolHandshake createSession
INFO: Detected dialect: W3C
Oct 30, 2024 12:41:55 PM org.openqa.selenium.remote.ProtocolHandshake createSession
INFO: Detected dialect: W3C
Oct 30, 2024 12:41:57 PM org.openqa.selenium.remote.ProtocolHandshake createSession
INFO: Detected dialect: W3C
Oct 30, 2024 12:42:00 PM org.openqa.selenium.remote.ProtocolHandshake createSession
INFO: Detected dialect: W3C
]]></system-err>
  </testcase>
  <testcase name="runScenario[&quot;Verify business and industry Category views&quot;, &quot;Optional[Verify User Login page fields.]&quot;](4)" classname="com.bikroy.TestRunner.TestRunner" time="6.059">
    <system-out><![CDATA[
@Release @SAJIM
Scenario: Verify education Category views   # src/test/resources/features/UI/Login/Login.feature:89
Its From RemoteDriver Options http://localhost:4444/wd/hub Initializing WebDriver with IP: http://localhost:4444/wd/hub
Its From Chrome Options http://localhost:4444/wd/hub 2024-10-30 12:42:28 [TestNG-PoolService-8] INFO  com.bikroy.stepdefinitions.LoginSteps - Property product displayed
  And I should See business and industry product        # com.bikroy.stepdefinitions.LoginSteps.IshouldSeebusinessandindustryproduct()
]]></system-out>
    <system-err><![CDATA[Oct 30, 2024 12:42:26 PM org.openqa.selenium.remote.ProtocolHandshake createSession
INFO: Detected dialect: W3C
]]></system-err>
  </testcase>
  <testcase name="runScenario[&quot;Verify pets and animal Category views&quot;, &quot;Optional[Verify User Login page fields.]&quot;](5)" classname="com.bikroy.TestRunner.TestRunner" time="29.428">
    <system-out><![CDATA[2024-10-30 12:42:32 [TestNG-PoolService-4] INFO  com.bikroy.stepdefinitions.LoginSteps - Property Category displayed
  Given I should see the Property category # com.bikroy.stepdefinitions.LoginSteps.iShouldSeeThePropertyCategory()
https://bikroy.com/en
2024-10-30 12:42:43 [TestNG-PoolService-2] INFO  com.bikroy.stepdefinitions.LoginSteps - Electronics Category displayed
  Given I should see the Electronics category # com.bikroy.stepdefinitions.LoginSteps.iShouldSeeTheElectronicsCategory()
  Then I should Click on pets and animal Category # com.bikroy.stepdefinitions.LoginSteps.IshouldClickonpetsandanimalCategory()
2024-10-30 12:42:54 [TestNG-PoolService-7] INFO  com.bikroy.stepdefinitions.LoginSteps - pets and animal displayed
  And I should See pets and animal product        # com.bikroy.stepdefinitions.LoginSteps.IshouldSeepetsandanimalproduct()
]]></system-out>
    <system-err><![CDATA[Oct 30, 2024 12:42:33 PM org.openqa.selenium.remote.ProtocolHandshake createSession
INFO: Detected dialect: W3C
]]></system-err>
  </testcase>
  <testcase name="runScenario[&quot;Verify Mobile Category views&quot;, &quot;Optional[Verify User Login page fields.]&quot;](6)" classname="com.bikroy.TestRunner.TestRunner" time="37.903">
    <system-out><![CDATA[  Then I should Click on Mobile Category # com.bikroy.stepdefinitions.LoginSteps.iShouldClickOnMobileCategory()
https://bikroy.com/en
2024-10-30 12:42:58 [TestNG-PoolService-6] INFO  com.bikroy.stepdefinitions.LoginSteps - home and living Category displayed
  Given I should see the home and living category # com.bikroy.stepdefinitions.LoginSteps.Ishouldseethehomeandlivingcategory()
https://bikroy.com/en
2024-10-30 12:42:59 [TestNG-PoolService-1] INFO  com.bikroy.stepdefinitions.LoginSteps - Mobile product displayed
  And I should See Mobile product        # com.bikroy.stepdefinitions.LoginSteps.iShouldSeeMobileProduct()
2024-10-30 12:43:00 [TestNG-PoolService-3] INFO  com.bikroy.stepdefinitions.LoginSteps - home and living Category displayed
  Given I should see the education category # com.bikroy.stepdefinitions.LoginSteps.Ishouldseetheeducationcategory()
  Then I should Click on hobbies sports and kids Category # com.bikroy.stepdefinitions.LoginSteps.IshouldClickonhobbiessportsandkidsCategory()
  Then I should Click on Property Category # com.bikroy.stepdefinitions.LoginSteps.iShouldClickOnPropertyCategory()
]]></system-out>
    <system-err><![CDATA[Oct 30, 2024 12:42:56 PM org.openqa.selenium.remote.ProtocolHandshake createSession
INFO: Detected dialect: W3C
]]></system-err>
  </testcase>
  <testcase name="runScenario[&quot;Verify hobbies sports and kids Category views&quot;, &quot;Optional[Verify User Login page fields.]&quot;](7)" classname="com.bikroy.TestRunner.TestRunner" time="40.031">
    <system-out><![CDATA[2024-10-30 12:43:05 [TestNG-PoolService-9] INFO  com.bikroy.stepdefinitions.LoginSteps - Property product displayed
  And I should See hobbies sports and kids product        # com.bikroy.stepdefinitions.LoginSteps.IshouldSeehobbiessportsandkidsproduct()
]]></system-out>
  </testcase>
  <testcase name="runScenario[&quot;Verify Property Category views&quot;, &quot;Optional[Verify User Login page fields.]&quot;](8)" classname="com.bikroy.TestRunner.TestRunner" time="41.136">
    <system-out><![CDATA[2024-10-30 12:43:06 [TestNG-PoolService-5] INFO  com.bikroy.stepdefinitions.LoginSteps - Property product displayed
  And I should See Property product        # com.bikroy.stepdefinitions.LoginSteps.iShouldSeePropertyProduct()
]]></system-out>
  </testcase>
  <testcase name="runScenario[&quot;Verify Property Category views&quot;, &quot;Optional[Verify User Login page fields.]&quot;](9)" classname="com.bikroy.TestRunner.TestRunner" time="50.86">
    <system-out><![CDATA[  Then I should Click on Property Category # com.bikroy.stepdefinitions.LoginSteps.iShouldClickOnPropertyCategory()
2024-10-30 12:43:15 [TestNG-PoolService-4] INFO  com.bikroy.stepdefinitions.LoginSteps - Property product displayed
  And I should See Property product        # com.bikroy.stepdefinitions.LoginSteps.iShouldSeePropertyProduct()
]]></system-out>
  </testcase>
  <testcase name="runScenario[&quot;Verify Electronics Category views&quot;, &quot;Optional[Verify User Login page fields.]&quot;](10)" classname="com.bikroy.TestRunner.TestRunner" time="59.784">
    <system-out><![CDATA[https://bikroy.com/en
2024-10-30 12:43:19 [TestNG-PoolService-0] INFO  com.bikroy.stepdefinitions.LoginSteps - Company Logo displayed
  Given I should see the login logo            # com.bikroy.stepdefinitions.LoginSteps.iShouldSeeTheLoginLogo()
  Then I should Click on Electronics Category # com.bikroy.stepdefinitions.LoginSteps.iShouldClickOnElectronicsCategory()
  Then I should click on login logo            # com.bikroy.stepdefinitions.LoginSteps.iShouldClickOnLoginLogo()
2024-10-30 12:43:24 [TestNG-PoolService-2] INFO  com.bikroy.stepdefinitions.LoginSteps - Electronics product displayed
  And I should See Electronics product        # com.bikroy.stepdefinitions.LoginSteps.iShouldSeeElectronicsProduct()
]]></system-out>
  </testcase>
  <testcase name="runScenario[&quot;Verify education Category views&quot;, &quot;Optional[Verify User Login page fields.]&quot;](11)" classname="com.bikroy.TestRunner.TestRunner" time="65.176">
    <system-out><![CDATA[2024-10-30 12:43:26 [TestNG-PoolService-0] INFO  com.bikroy.stepdefinitions.LoginSteps - email login displayed
  And I should see the email login options     # com.bikroy.stepdefinitions.LoginSteps.iShouldSeeTheEmailLoginOptions()
  Then I should Click on education Category # com.bikroy.stepdefinitions.LoginSteps.IshouldClickoneducationCategory()
  Then I should click on Email login options   # com.bikroy.stepdefinitions.LoginSteps.iShouldClickOnEmailLoginOptions()
2024-10-30 12:43:30 [TestNG-PoolService-3] INFO  com.bikroy.stepdefinitions.LoginSteps - Property product displayed
  And I should See education product        # com.bikroy.stepdefinitions.LoginSteps.IshouldSeeeducationproduct()
]]></system-out>
  </testcase>
  <testcase name="runScenario[&quot;Verify home and living Category views&quot;, &quot;Optional[Verify User Login page fields.]&quot;](12)" classname="com.bikroy.TestRunner.TestRunner" time="69.727">
    <system-out><![CDATA[  Then I should Click on home and living Category # com.bikroy.stepdefinitions.LoginSteps.IshouldClickonhomeandlivingCategory()
2024-10-30 12:43:32 [TestNG-PoolService-0] INFO  com.bikroy.stepdefinitions.LoginSteps - username field displayed
  And I should see Username field on this page # com.bikroy.stepdefinitions.LoginSteps.iShouldSeeUsernameFieldOnThisPage()
  When I should Input my Username              # com.bikroy.stepdefinitions.LoginSteps.iShouldInputMyUsername()
2024-10-30 12:43:34 [TestNG-PoolService-6] INFO  com.bikroy.stepdefinitions.LoginSteps - home and living product displayed
  And I should See home and living product        # com.bikroy.stepdefinitions.LoginSteps.IshouldSeehomeandlivingproduct()
]]></system-out>
  </testcase>
  <testcase name="runScenario[&quot;Verify  Login Page fields&quot;, &quot;Optional[Verify User Login page fields.]&quot;](13)" classname="com.bikroy.TestRunner.TestRunner" time="77.087">
    <system-out><![CDATA[  And I should Input my My Password            # com.bikroy.stepdefinitions.LoginSteps.iShouldInputMyMyPassword()
  Then I should Click on Login Button          # com.bikroy.stepdefinitions.LoginSteps.iShouldClickOnLoginButton()
]]></system-out>
  </testcase>
</testsuite>