<?xml version="1.0" encoding="UTF-8"?>
<!-- Generated by org.testng.reporters.JUnitReportReporter -->
<testsuite hostname="asif-rouf-lenovo-ideapad" failures="0" tests="13" name="com.bikroy.TestRunner.TestRunner" time="1095.455" errors="2" timestamp="2024-10-30T12:43:42 BDT" skipped="0">
  <testcase classname="com.bikroy.TestRunner.TestRunner" name="runScenario" time="138.920"/>
  <system-out/>
  <testcase classname="com.bikroy.TestRunner.TestRunner" name="runScenario" time="100.555"/>
  <system-out/>
  <testcase classname="com.bikroy.TestRunner.TestRunner" name="runScenario" time="61.771"/>
  <system-out/>
  <testcase classname="com.bikroy.TestRunner.TestRunner" name="runScenario" time="66.575"/>
  <system-out/>
  <testcase classname="com.bikroy.TestRunner.TestRunner" name="runScenario" time="131.558"/>
  <system-out/>
  <testcase classname="com.bikroy.TestRunner.TestRunner" name="runScenario" time="99.733"/>
  <system-out/>
  <testcase classname="com.bikroy.TestRunner.TestRunner" name="runScenario" time="121.616"/>
  <system-out/>
  <testcase classname="com.bikroy.TestRunner.TestRunner" name="runScenario" time="112.691"/>
  <system-out/>
  <testcase classname="com.bikroy.TestRunner.TestRunner" name="runScenario" time="1.292">
    <error message="Cannot invoke &quot;String.equalsIgnoreCase(String)&quot; because &quot;browserName&quot; is null" type="java.lang.NullPointerException">
      <![CDATA[java.lang.NullPointerException: Cannot invoke "String.equalsIgnoreCase(String)" because "browserName" is null
at com.bikroy.testbase.TestBase.initializeDriver(TestBase.java:36)
at com.bikroy.testbase.TestContextSetup.initializeDriver(TestContextSetup.java:21)
at com.bikroy.stepdefinitions.Hooks.BeforeScenario(Hooks.java:31)
]]>
    </error>
  </testcase> <!-- runScenario -->
  <system-out/>
  <testcase classname="com.bikroy.TestRunner.TestRunner" name="runScenario" time="65.231"/>
  <system-out/>
  <testcase classname="com.bikroy.TestRunner.TestRunner" name="runScenario" time="91.259"/>
  <system-out/>
  <testcase classname="com.bikroy.TestRunner.TestRunner" name="runScenario" time="102.962"/>
  <system-out/>
  <testcase classname="com.bikroy.TestRunner.TestRunner" name="runScenario" time="1.292">
    <error message="Cannot invoke &quot;String.equalsIgnoreCase(String)&quot; because &quot;browserName&quot; is null" type="java.lang.NullPointerException">
      <![CDATA[java.lang.NullPointerException: Cannot invoke "String.equalsIgnoreCase(String)" because "browserName" is null
at com.bikroy.testbase.TestBase.initializeDriver(TestBase.java:36)
at com.bikroy.testbase.TestContextSetup.initializeDriver(TestContextSetup.java:21)
at com.bikroy.stepdefinitions.Hooks.BeforeScenario(Hooks.java:31)
]]>
    </error>
  </testcase> <!-- runScenario -->
  <system-out/>
</testsuite> <!-- com.bikroy.TestRunner.TestRunner -->
